This file contains any messages produced by compilers while
running configure, to aid debugging if configure makes a mistake.

It was created by stellar-core configure 0.1, which was
generated by GNU Autoconf 2.69.  Invocation command line was

  $ ./configure 

## --------- ##
## Platform. ##
## --------- ##

hostname = zhushaopeng-Lenovo-G490
uname -m = x86_64
uname -r = 5.0.0-23-generic
uname -s = Linux
uname -v = #24~18.04.1-Ubuntu SMP Mon Jul 29 16:12:28 UTC 2019

/usr/bin/uname -p = unknown
/bin/uname -X     = unknown

/bin/arch              = unknown
/usr/bin/arch -k       = unknown
/usr/convex/getsysinfo = unknown
/usr/bin/hostinfo      = unknown
/bin/machine           = unknown
/usr/bin/oslevel       = unknown
/bin/universe          = unknown

PATH: /usr/local/sbin
PATH: /usr/local/bin
PATH: /usr/sbin
PATH: /usr/bin
PATH: /sbin
PATH: /bin
PATH: /snap/bin


## ----------- ##
## Core tests. ##
## ----------- ##

configure:2464: checking for a BSD-compatible install
configure:2532: result: /usr/bin/install -c
configure:2543: checking whether build environment is sane
configure:2598: result: yes
configure:2749: checking for a thread-safe mkdir -p
configure:2788: result: /bin/mkdir -p
configure:2795: checking for gawk
configure:2825: result: no
configure:2795: checking for mawk
configure:2811: found /usr/bin/mawk
configure:2822: result: mawk
configure:2833: checking whether make sets $(MAKE)
configure:2855: result: yes
configure:2884: checking whether make supports nested variables
configure:2901: result: yes
configure:2990: checking whether UID '0' is supported by ustar format
configure:2993: result: yes
configure:3000: checking whether GID '0' is supported by ustar format
configure:3003: result: yes
configure:3011: checking how to create a ustar tar archive
configure:3022: tar --version
tar (GNU tar) 1.29
Copyright (C) 2015 Free Software Foundation, Inc.
License GPLv3+: GNU GPL version 3 or later <http://gnu.org/licenses/gpl.html>.
This is free software: you are free to change and redistribute it.
There is NO WARRANTY, to the extent permitted by law.

Written by John Gilmore and Jay Fenlason.
configure:3025: $? = 0
configure:3065: tardir=conftest.dir && eval tar --format=ustar -chf - "$tardir" >conftest.tar
configure:3068: $? = 0
configure:3072: tar -xf - <conftest.tar
configure:3075: $? = 0
configure:3077: cat conftest.dir/file
GrepMe
configure:3080: $? = 0
configure:3093: result: gnutar
configure:3222: checking for clang
configure:3252: result: no
configure:3222: checking for gcc
configure:3238: found /usr/bin/gcc
configure:3249: result: gcc
configure:3280: checking for C compiler version
configure:3289: gcc --version >&5
gcc (Ubuntu 7.4.0-1ubuntu1~18.04.1) 7.4.0
Copyright (C) 2017 Free Software Foundation, Inc.
This is free software; see the source for copying conditions.  There is NO
warranty; not even for MERCHANTABILITY or FITNESS FOR A PARTICULAR PURPOSE.

configure:3300: $? = 0
configure:3289: gcc -v >&5
Using built-in specs.
COLLECT_GCC=gcc
COLLECT_LTO_WRAPPER=/usr/lib/gcc/x86_64-linux-gnu/7/lto-wrapper
OFFLOAD_TARGET_NAMES=nvptx-none
OFFLOAD_TARGET_DEFAULT=1
Target: x86_64-linux-gnu
Configured with: ../src/configure -v --with-pkgversion='Ubuntu 7.4.0-1ubuntu1~18.04.1' --with-bugurl=file:///usr/share/doc/gcc-7/README.Bugs --enable-languages=c,ada,c++,go,brig,d,fortran,objc,obj-c++ --prefix=/usr --with-gcc-major-version-only --program-suffix=-7 --program-prefix=x86_64-linux-gnu- --enable-shared --enable-linker-build-id --libexecdir=/usr/lib --without-included-gettext --enable-threads=posix --libdir=/usr/lib --enable-nls --with-sysroot=/ --enable-clocale=gnu --enable-libstdcxx-debug --enable-libstdcxx-time=yes --with-default-libstdcxx-abi=new --enable-gnu-unique-object --disable-vtable-verify --enable-libmpx --enable-plugin --enable-default-pie --with-system-zlib --with-target-system-zlib --enable-objc-gc=auto --enable-multiarch --disable-werror --with-arch-32=i686 --with-abi=m64 --with-multilib-list=m32,m64,mx32 --enable-multilib --with-tune=generic --enable-offload-targets=nvptx-none --without-cuda-driver --enable-checking=release --build=x86_64-linux-gnu --host=x86_64-linux-gnu --target=x86_64-linux-gnu
Thread model: posix
gcc version 7.4.0 (Ubuntu 7.4.0-1ubuntu1~18.04.1) 
configure:3300: $? = 0
configure:3289: gcc -V >&5
gcc: error: unrecognized command line option '-V'
gcc: fatal error: no input files
compilation terminated.
configure:3300: $? = 1
configure:3289: gcc -qversion >&5
gcc: error: unrecognized command line option '-qversion'; did you mean '--version'?
gcc: fatal error: no input files
compilation terminated.
configure:3300: $? = 1
configure:3320: checking whether the C compiler works
configure:3342: gcc -g -O2 -fno-omit-frame-pointer   conftest.c  >&5
configure:3346: $? = 0
configure:3394: result: yes
configure:3397: checking for C compiler default output file name
configure:3399: result: a.out
configure:3405: checking for suffix of executables
configure:3412: gcc -o conftest -g -O2 -fno-omit-frame-pointer   conftest.c  >&5
configure:3416: $? = 0
configure:3438: result: 
configure:3460: checking whether we are cross compiling
configure:3468: gcc -o conftest -g -O2 -fno-omit-frame-pointer   conftest.c  >&5
configure:3472: $? = 0
configure:3479: ./conftest
configure:3483: $? = 0
configure:3498: result: no
configure:3503: checking for suffix of object files
configure:3525: gcc -c -g -O2 -fno-omit-frame-pointer  conftest.c >&5
configure:3529: $? = 0
configure:3550: result: o
configure:3554: checking whether we are using the GNU C compiler
configure:3573: gcc -c -g -O2 -fno-omit-frame-pointer  conftest.c >&5
configure:3573: $? = 0
configure:3582: result: yes
configure:3591: checking whether gcc accepts -g
configure:3611: gcc -c -g  conftest.c >&5
configure:3611: $? = 0
configure:3652: result: yes
configure:3669: checking for gcc option to accept ISO C89
configure:3732: gcc  -c -g -O2 -fno-omit-frame-pointer  conftest.c >&5
configure:3732: $? = 0
configure:3745: result: none needed
configure:3770: checking whether gcc understands -c and -o together
configure:3792: gcc -c conftest.c -o conftest2.o
configure:3795: $? = 0
configure:3792: gcc -c conftest.c -o conftest2.o
configure:3795: $? = 0
configure:3807: result: yes
configure:3835: checking for style of include used by make
configure:3863: result: GNU
configure:3889: checking dependency style of gcc
configure:4000: result: gcc3
configure:4073: checking for clang++
configure:4103: result: no
configure:4073: checking for g++
configure:4089: found /usr/bin/g++
configure:4100: result: g++
configure:4127: checking for C++ compiler version
configure:4136: g++ --version >&5
g++ (Ubuntu 7.4.0-1ubuntu1~18.04.1) 7.4.0
Copyright (C) 2017 Free Software Foundation, Inc.
This is free software; see the source for copying conditions.  There is NO
warranty; not even for MERCHANTABILITY or FITNESS FOR A PARTICULAR PURPOSE.

configure:4147: $? = 0
configure:4136: g++ -v >&5
Using built-in specs.
COLLECT_GCC=g++
COLLECT_LTO_WRAPPER=/usr/lib/gcc/x86_64-linux-gnu/7/lto-wrapper
OFFLOAD_TARGET_NAMES=nvptx-none
OFFLOAD_TARGET_DEFAULT=1
Target: x86_64-linux-gnu
Configured with: ../src/configure -v --with-pkgversion='Ubuntu 7.4.0-1ubuntu1~18.04.1' --with-bugurl=file:///usr/share/doc/gcc-7/README.Bugs --enable-languages=c,ada,c++,go,brig,d,fortran,objc,obj-c++ --prefix=/usr --with-gcc-major-version-only --program-suffix=-7 --program-prefix=x86_64-linux-gnu- --enable-shared --enable-linker-build-id --libexecdir=/usr/lib --without-included-gettext --enable-threads=posix --libdir=/usr/lib --enable-nls --with-sysroot=/ --enable-clocale=gnu --enable-libstdcxx-debug --enable-libstdcxx-time=yes --with-default-libstdcxx-abi=new --enable-gnu-unique-object --disable-vtable-verify --enable-libmpx --enable-plugin --enable-default-pie --with-system-zlib --with-target-system-zlib --enable-objc-gc=auto --enable-multiarch --disable-werror --with-arch-32=i686 --with-abi=m64 --with-multilib-list=m32,m64,mx32 --enable-multilib --with-tune=generic --enable-offload-targets=nvptx-none --without-cuda-driver --enable-checking=release --build=x86_64-linux-gnu --host=x86_64-linux-gnu --target=x86_64-linux-gnu
Thread model: posix
gcc version 7.4.0 (Ubuntu 7.4.0-1ubuntu1~18.04.1) 
configure:4147: $? = 0
configure:4136: g++ -V >&5
g++: error: unrecognized command line option '-V'
g++: fatal error: no input files
compilation terminated.
configure:4147: $? = 1
configure:4136: g++ -qversion >&5
g++: error: unrecognized command line option '-qversion'; did you mean '--version'?
g++: fatal error: no input files
compilation terminated.
configure:4147: $? = 1
configure:4151: checking whether we are using the GNU C++ compiler
configure:4170: g++ -c -g -O2 -fno-omit-frame-pointer  conftest.cpp >&5
configure:4170: $? = 0
configure:4179: result: yes
configure:4188: checking whether g++ accepts -g
configure:4208: g++ -c -g  conftest.cpp >&5
configure:4208: $? = 0
configure:4249: result: yes
configure:4274: checking dependency style of g++
configure:4385: result: gcc3
configure:4450: checking for ar
configure:4466: found /usr/bin/ar
configure:4477: result: ar
configure:4503: checking the archiver (ar) interface
configure:4519: gcc -c -g -O2 -fno-omit-frame-pointer  conftest.c >&5
configure:4519: $? = 0
configure:4521: ar cru libconftest.a conftest.o >&5
ar: `u' modifier ignored since `D' is the default (see `U')
configure:4524: $? = 0
configure:4552: result: ar
configure:4603: checking build system type
configure:4617: result: x86_64-pc-linux-gnu
configure:4637: checking host system type
configure:4650: result: x86_64-pc-linux-gnu
configure:4691: checking how to print strings
configure:4718: result: printf
configure:4739: checking for a sed that does not truncate output
configure:4803: result: /bin/sed
configure:4821: checking for grep that handles long lines and -e
configure:4879: result: /bin/grep
configure:4884: checking for egrep
configure:4946: result: /bin/grep -E
configure:4951: checking for fgrep
configure:5013: result: /bin/grep -F
configure:5048: checking for ld used by gcc
configure:5115: result: /usr/bin/ld
configure:5122: checking if the linker (/usr/bin/ld) is GNU ld
configure:5137: result: yes
configure:5149: checking for BSD- or MS-compatible name lister (nm)
configure:5203: result: /usr/bin/nm -B
configure:5333: checking the name lister (/usr/bin/nm -B) interface
configure:5340: gcc -c -g -O2 -fno-omit-frame-pointer  conftest.c >&5
configure:5343: /usr/bin/nm -B "conftest.o"
configure:5346: output
0000000000000000 B some_variable
configure:5353: result: BSD nm
configure:5356: checking whether ln -s works
configure:5360: result: yes
configure:5368: checking the maximum length of command line arguments
configure:5499: result: 1572864
configure:5547: checking how to convert x86_64-pc-linux-gnu file names to x86_64-pc-linux-gnu format
configure:5587: result: func_convert_file_noop
configure:5594: checking how to convert x86_64-pc-linux-gnu file names to toolchain format
configure:5614: result: func_convert_file_noop
configure:5621: checking for /usr/bin/ld option to reload object files
configure:5628: result: -r
configure:5702: checking for objdump
configure:5718: found /usr/bin/objdump
configure:5729: result: objdump
configure:5761: checking how to recognize dependent libraries
configure:5961: result: pass_all
configure:6046: checking for dlltool
configure:6076: result: no
configure:6106: checking how to associate runtime and link libraries
configure:6133: result: printf %s\n
configure:6257: checking for archiver @FILE support
configure:6274: gcc -c -g -O2 -fno-omit-frame-pointer  conftest.c >&5
configure:6274: $? = 0
configure:6277: ar cru libconftest.a @conftest.lst >&5
ar: `u' modifier ignored since `D' is the default (see `U')
configure:6280: $? = 0
configure:6285: ar cru libconftest.a @conftest.lst >&5
ar: `u' modifier ignored since `D' is the default (see `U')
ar: conftest.o: No such file or directory
configure:6288: $? = 1
configure:6300: result: @
configure:6358: checking for strip
configure:6374: found /usr/bin/strip
configure:6385: result: strip
configure:6457: checking for ranlib
configure:6473: found /usr/bin/ranlib
configure:6484: result: ranlib
configure:6586: checking command to parse /usr/bin/nm -B output from gcc object
configure:6739: gcc -c -g -O2 -fno-omit-frame-pointer  conftest.c >&5
configure:6742: $? = 0
configure:6746: /usr/bin/nm -B conftest.o \| sed -n -e 's/^.*[ ]\([ABCDGIRSTW][ABCDGIRSTW]*\)[ ][ ]*\([_A-Za-z][_A-Za-z0-9]*\)$/\1 \2 \2/p' | sed '/ __gnu_lto/d' \> conftest.nm
configure:6749: $? = 0
configure:6815: gcc -o conftest -g -O2 -fno-omit-frame-pointer   conftest.c conftstm.o >&5
configure:6818: $? = 0
configure:6856: result: ok
configure:6903: checking for sysroot
configure:6933: result: no
configure:6940: checking for a working dd
configure:6978: result: /bin/dd
configure:6982: checking how to truncate binary pipes
configure:6997: result: /bin/dd bs=4096 count=1
configure:7133: gcc -c -g -O2 -fno-omit-frame-pointer  conftest.c >&5
configure:7136: $? = 0
configure:7326: checking for mt
configure:7342: found /bin/mt
configure:7353: result: mt
configure:7376: checking if mt is a manifest tool
configure:7382: mt '-?'
configure:7390: result: no
configure:8067: checking how to run the C preprocessor
configure:8098: gcc -E  conftest.c
configure:8098: $? = 0
configure:8112: gcc -E  conftest.c
conftest.c:11:10: fatal error: ac_nonexistent.h: No such file or directory
 #include <ac_nonexistent.h>
          ^~~~~~~~~~~~~~~~~~
compilation terminated.
configure:8112: $? = 1
configure: failed program was:
| /* confdefs.h */
| #define PACKAGE_NAME "stellar-core"
| #define PACKAGE_TARNAME "stellar-core"
| #define PACKAGE_VERSION "0.1"
| #define PACKAGE_STRING "stellar-core 0.1"
| #define PACKAGE_BUGREPORT ""
| #define PACKAGE_URL "http://www.stellar.org"
| #define PACKAGE "stellar-core"
| #define VERSION "0.1"
| /* end confdefs.h.  */
| #include <ac_nonexistent.h>
configure:8137: result: gcc -E
configure:8157: gcc -E  conftest.c
configure:8157: $? = 0
configure:8171: gcc -E  conftest.c
conftest.c:11:10: fatal error: ac_nonexistent.h: No such file or directory
 #include <ac_nonexistent.h>
          ^~~~~~~~~~~~~~~~~~
compilation terminated.
configure:8171: $? = 1
configure: failed program was:
| /* confdefs.h */
| #define PACKAGE_NAME "stellar-core"
| #define PACKAGE_TARNAME "stellar-core"
| #define PACKAGE_VERSION "0.1"
| #define PACKAGE_STRING "stellar-core 0.1"
| #define PACKAGE_BUGREPORT ""
| #define PACKAGE_URL "http://www.stellar.org"
| #define PACKAGE "stellar-core"
| #define VERSION "0.1"
| /* end confdefs.h.  */
| #include <ac_nonexistent.h>
configure:8200: checking for ANSI C header files
configure:8220: gcc -c -g -O2 -fno-omit-frame-pointer  conftest.c >&5
configure:8220: $? = 0
configure:8293: gcc -o conftest -g -O2 -fno-omit-frame-pointer   conftest.c  >&5
configure:8293: $? = 0
configure:8293: ./conftest
configure:8293: $? = 0
configure:8304: result: yes
configure:8317: checking for sys/types.h
configure:8317: gcc -c -g -O2 -fno-omit-frame-pointer  conftest.c >&5
configure:8317: $? = 0
configure:8317: result: yes
configure:8317: checking for sys/stat.h
configure:8317: gcc -c -g -O2 -fno-omit-frame-pointer  conftest.c >&5
configure:8317: $? = 0
configure:8317: result: yes
configure:8317: checking for stdlib.h
configure:8317: gcc -c -g -O2 -fno-omit-frame-pointer  conftest.c >&5
configure:8317: $? = 0
configure:8317: result: yes
configure:8317: checking for string.h
configure:8317: gcc -c -g -O2 -fno-omit-frame-pointer  conftest.c >&5
configure:8317: $? = 0
configure:8317: result: yes
configure:8317: checking for memory.h
configure:8317: gcc -c -g -O2 -fno-omit-frame-pointer  conftest.c >&5
configure:8317: $? = 0
configure:8317: result: yes
configure:8317: checking for strings.h
configure:8317: gcc -c -g -O2 -fno-omit-frame-pointer  conftest.c >&5
configure:8317: $? = 0
configure:8317: result: yes
configure:8317: checking for inttypes.h
configure:8317: gcc -c -g -O2 -fno-omit-frame-pointer  conftest.c >&5
configure:8317: $? = 0
configure:8317: result: yes
configure:8317: checking for stdint.h
configure:8317: gcc -c -g -O2 -fno-omit-frame-pointer  conftest.c >&5
configure:8317: $? = 0
configure:8317: result: yes
configure:8317: checking for unistd.h
configure:8317: gcc -c -g -O2 -fno-omit-frame-pointer  conftest.c >&5
configure:8317: $? = 0
configure:8317: result: yes
configure:8331: checking for dlfcn.h
configure:8331: gcc -c -g -O2 -fno-omit-frame-pointer  conftest.c >&5
configure:8331: $? = 0
configure:8331: result: yes
configure:8597: checking for objdir
configure:8612: result: .libs
configure:8876: checking if gcc supports -fno-rtti -fno-exceptions
configure:8894: gcc -c -g -O2 -fno-omit-frame-pointer  -fno-rtti -fno-exceptions conftest.c >&5
cc1: warning: command line option '-fno-rtti' is valid for C++/ObjC++ but not for C
configure:8898: $? = 0
configure:8911: result: no
configure:9269: checking for gcc option to produce PIC
configure:9276: result: -fPIC -DPIC
configure:9284: checking if gcc PIC flag -fPIC -DPIC works
configure:9302: gcc -c -g -O2 -fno-omit-frame-pointer  -fPIC -DPIC -DPIC conftest.c >&5
configure:9306: $? = 0
configure:9319: result: yes
configure:9348: checking if gcc static flag -static works
configure:9376: result: yes
configure:9391: checking if gcc supports -c -o file.o
configure:9412: gcc -c -g -O2 -fno-omit-frame-pointer  -o out/conftest2.o conftest.c >&5
configure:9416: $? = 0
configure:9438: result: yes
configure:9446: checking if gcc supports -c -o file.o
configure:9493: result: yes
configure:9526: checking whether the gcc linker (/usr/bin/ld -m elf_x86_64) supports shared libraries
configure:10789: result: yes
configure:11029: checking dynamic linker characteristics
configure:11610: gcc -o conftest -g -O2 -fno-omit-frame-pointer   -Wl,-rpath -Wl,/foo conftest.c  >&5
configure:11610: $? = 0
configure:11859: result: GNU/Linux ld.so
configure:11981: checking how to hardcode library paths into programs
configure:12006: result: immediate
configure:12554: checking whether stripping libraries is possible
configure:12559: result: yes
configure:12594: checking if libtool supports shared libraries
configure:12596: result: yes
configure:12599: checking whether to build shared libraries
configure:12624: result: no
configure:12627: checking whether to build static libraries
configure:12631: result: yes
configure:12654: checking how to run the C++ preprocessor
configure:12681: g++ -E  conftest.cpp
configure:12681: $? = 0
configure:12695: g++ -E  conftest.cpp
conftest.cpp:23:10: fatal error: ac_nonexistent.h: No such file or directory
 #include <ac_nonexistent.h>
          ^~~~~~~~~~~~~~~~~~
compilation terminated.
configure:12695: $? = 1
configure: failed program was:
| /* confdefs.h */
| #define PACKAGE_NAME "stellar-core"
| #define PACKAGE_TARNAME "stellar-core"
| #define PACKAGE_VERSION "0.1"
| #define PACKAGE_STRING "stellar-core 0.1"
| #define PACKAGE_BUGREPORT ""
| #define PACKAGE_URL "http://www.stellar.org"
| #define PACKAGE "stellar-core"
| #define VERSION "0.1"
| #define STDC_HEADERS 1
| #define HAVE_SYS_TYPES_H 1
| #define HAVE_SYS_STAT_H 1
| #define HAVE_STDLIB_H 1
| #define HAVE_STRING_H 1
| #define HAVE_MEMORY_H 1
| #define HAVE_STRINGS_H 1
| #define HAVE_INTTYPES_H 1
| #define HAVE_STDINT_H 1
| #define HAVE_UNISTD_H 1
| #define HAVE_DLFCN_H 1
| #define LT_OBJDIR ".libs/"
| /* end confdefs.h.  */
| #include <ac_nonexistent.h>
configure:12720: result: g++ -E
configure:12740: g++ -E  conftest.cpp
configure:12740: $? = 0
configure:12754: g++ -E  conftest.cpp
conftest.cpp:23:10: fatal error: ac_nonexistent.h: No such file or directory
 #include <ac_nonexistent.h>
          ^~~~~~~~~~~~~~~~~~
compilation terminated.
configure:12754: $? = 1
configure: failed program was:
| /* confdefs.h */
| #define PACKAGE_NAME "stellar-core"
| #define PACKAGE_TARNAME "stellar-core"
| #define PACKAGE_VERSION "0.1"
| #define PACKAGE_STRING "stellar-core 0.1"
| #define PACKAGE_BUGREPORT ""
| #define PACKAGE_URL "http://www.stellar.org"
| #define PACKAGE "stellar-core"
| #define VERSION "0.1"
| #define STDC_HEADERS 1
| #define HAVE_SYS_TYPES_H 1
| #define HAVE_SYS_STAT_H 1
| #define HAVE_STDLIB_H 1
| #define HAVE_STRING_H 1
| #define HAVE_MEMORY_H 1
| #define HAVE_STRINGS_H 1
| #define HAVE_INTTYPES_H 1
| #define HAVE_STDINT_H 1
| #define HAVE_UNISTD_H 1
| #define HAVE_DLFCN_H 1
| #define LT_OBJDIR ".libs/"
| /* end confdefs.h.  */
| #include <ac_nonexistent.h>
configure:12916: checking for ld used by g++
configure:12983: result: /usr/bin/ld -m elf_x86_64
configure:12990: checking if the linker (/usr/bin/ld -m elf_x86_64) is GNU ld
configure:13005: result: yes
configure:13060: checking whether the g++ linker (/usr/bin/ld -m elf_x86_64) supports shared libraries
configure:14133: result: yes
configure:14169: g++ -c -g -O2 -fno-omit-frame-pointer  conftest.cpp >&5
configure:14172: $? = 0
configure:14653: checking for g++ option to produce PIC
configure:14660: result: -fPIC -DPIC
configure:14668: checking if g++ PIC flag -fPIC -DPIC works
configure:14686: g++ -c -g -O2 -fno-omit-frame-pointer  -fPIC -DPIC -DPIC conftest.cpp >&5
configure:14690: $? = 0
configure:14703: result: yes
configure:14726: checking if g++ static flag -static works
configure:14754: result: yes
configure:14766: checking if g++ supports -c -o file.o
configure:14787: g++ -c -g -O2 -fno-omit-frame-pointer  -o out/conftest2.o conftest.cpp >&5
configure:14791: $? = 0
configure:14813: result: yes
configure:14818: checking if g++ supports -c -o file.o
configure:14865: result: yes
configure:14895: checking whether the g++ linker (/usr/bin/ld -m elf_x86_64) supports shared libraries
configure:14938: result: yes
configure:15079: checking dynamic linker characteristics
configure:15836: result: GNU/Linux ld.so
configure:15901: checking how to hardcode library paths into programs
configure:15926: result: immediate
configure:16011: checking whether g++ supports C++14 features with -std=c++14
configure:16427: g++ -std=c++14 -c -g -O2 -fno-omit-frame-pointer  conftest.cpp >&5
configure:16427: $? = 0
configure:16436: result: yes
configure:16516: checking for g++ >= 4.9
configure:16532: g++ -std=c++14 -c -g -O2 -fno-omit-frame-pointer  conftest.cpp >&5
configure:16532: $? = 0
configure:16533: result: yes
configure:16546: checking for a sufficiently-new libstdc++
configure:16570: g++ -std=c++14 -c -g -O2 -fno-omit-frame-pointer  conftest.cpp >&5
configure:16570: $? = 0
configure:16571: result: yes
configure:16586: checking whether C++ compiler accepts 
configure:16605: g++ -std=c++14 -c -g -O2 -fno-omit-frame-pointer    conftest.cpp >&5
configure:16605: $? = 0
configure:16613: result: yes
configure:16631: : CXXFLAGS="$CXXFLAGS "
configure:16634: $? = 0
configure:16647: checking whether C++ compiler accepts -pthread
configure:16666: g++ -std=c++14 -c -g -O2 -fno-omit-frame-pointer   -pthread  conftest.cpp >&5
configure:16666: $? = 0
configure:16675: result: yes
configure:16688: : CXXFLAGS="$CXXFLAGS $flag"
configure:16691: $? = 0
configure:16707: checking whether defect report N4387 is resolved
configure:16718: g++ -std=c++14 -c -g -O2 -fno-omit-frame-pointer  -pthread  conftest.cpp >&5
configure:16718: $? = 0
configure:16719: result: yes
configure:16727: checking for c++14 compliant std::weak_ptr move-constructor
configure:16750: g++ -std=c++14 -o conftest -g -O2 -fno-omit-frame-pointer  -pthread   conftest.cpp  >&5
configure:16750: $? = 0
configure:16750: ./conftest
configure:16750: $? = 0
configure:16751: result: yes
configure:16762: checking for c++14 compliant std::weak_ptr move-assignment operator
configure:16785: g++ -std=c++14 -o conftest -g -O2 -fno-omit-frame-pointer  -pthread   conftest.cpp  >&5
configure:16785: $? = 0
configure:16785: ./conftest
configure:16785: $? = 0
configure:16786: result: yes
configure:16854: checking whether C++ compiler accepts -Wall
configure:16873: g++ -std=c++14 -c -g -O2 -fno-omit-frame-pointer  -pthread  -Wall  conftest.cpp >&5
configure:16873: $? = 0
configure:16882: result: yes
configure:16895: : CXXFLAGS="$CXXFLAGS $flag"
configure:16898: $? = 0
configure:16854: checking whether C++ compiler accepts -Wno-unused-command-line-argument
configure:16873: g++ -std=c++14 -c -g -O2 -fno-omit-frame-pointer  -pthread -Wall  -Wno-unused-command-line-argument  conftest.cpp >&5
configure:16873: $? = 0
configure:16882: result: yes
configure:16895: : CXXFLAGS="$CXXFLAGS $flag"
configure:16898: $? = 0
configure:16854: checking whether C++ compiler accepts -Qunused-arguments
configure:16873: g++ -std=c++14 -c -g -O2 -fno-omit-frame-pointer  -pthread -Wall -Wno-unused-command-line-argument  -Qunused-arguments  conftest.cpp >&5
g++: error: unrecognized command line option '-Qunused-arguments'; did you mean '-Wunused-parameter'?
configure:16873: $? = 1
configure: failed program was:
| /* confdefs.h */
| #define PACKAGE_NAME "stellar-core"
| #define PACKAGE_TARNAME "stellar-core"
| #define PACKAGE_VERSION "0.1"
| #define PACKAGE_STRING "stellar-core 0.1"
| #define PACKAGE_BUGREPORT ""
| #define PACKAGE_URL "http://www.stellar.org"
| #define PACKAGE "stellar-core"
| #define VERSION "0.1"
| #define STDC_HEADERS 1
| #define HAVE_SYS_TYPES_H 1
| #define HAVE_SYS_STAT_H 1
| #define HAVE_STDLIB_H 1
| #define HAVE_STRING_H 1
| #define HAVE_MEMORY_H 1
| #define HAVE_STRINGS_H 1
| #define HAVE_INTTYPES_H 1
| #define HAVE_STDINT_H 1
| #define HAVE_UNISTD_H 1
| #define HAVE_DLFCN_H 1
| #define LT_OBJDIR ".libs/"
| #define HAVE_CXX14 1
| /* end confdefs.h.  */
| 
| int
| main ()
| {
| 
|   ;
|   return 0;
| }
configure:16882: result: no
configure:16854: checking whether C++ compiler accepts -Wno-unused-local-typedef
configure:16873: g++ -std=c++14 -c -g -O2 -fno-omit-frame-pointer  -pthread -Wall -Wno-unused-command-line-argument  -Wno-unused-local-typedef  conftest.cpp >&5
configure:16873: $? = 0
configure:16882: result: yes
configure:16895: : CXXFLAGS="$CXXFLAGS $flag"
configure:16898: $? = 0
configure:16854: checking whether C++ compiler accepts -Wno-unknown-warning-option
configure:16873: g++ -std=c++14 -c -g -O2 -fno-omit-frame-pointer  -pthread -Wall -Wno-unused-command-line-argument -Wno-unused-local-typedef  -Wno-unknown-warning-option  conftest.cpp >&5
configure:16873: $? = 0
configure:16882: result: yes
configure:16895: : CXXFLAGS="$CXXFLAGS $flag"
configure:16898: $? = 0
configure:16854: checking whether C++ compiler accepts -Werror=unused-result
configure:16873: g++ -std=c++14 -c -g -O2 -fno-omit-frame-pointer  -pthread -Wall -Wno-unused-command-line-argument -Wno-unused-local-typedef -Wno-unknown-warning-option  -Werror=unused-result  conftest.cpp >&5
configure:16873: $? = 0
configure:16882: result: yes
configure:16895: : CXXFLAGS="$CXXFLAGS $flag"
configure:16898: $? = 0
configure:16923: checking whether C compiler accepts -Wall
configure:16942: gcc -c -g -O2 -fno-omit-frame-pointer  -Wall  conftest.c >&5
configure:16942: $? = 0
configure:16951: result: yes
configure:16964: : CFLAGS="$CFLAGS $flag"
configure:16967: $? = 0
configure:16923: checking whether C compiler accepts -Wno-unused-command-line-argument
configure:16942: gcc -c -g -O2 -fno-omit-frame-pointer -Wall  -Wno-unused-command-line-argument  conftest.c >&5
configure:16942: $? = 0
configure:16951: result: yes
configure:16964: : CFLAGS="$CFLAGS $flag"
configure:16967: $? = 0
configure:16923: checking whether C compiler accepts -Qunused-arguments
configure:16942: gcc -c -g -O2 -fno-omit-frame-pointer -Wall -Wno-unused-command-line-argument  -Qunused-arguments  conftest.c >&5
gcc: error: unrecognized command line option '-Qunused-arguments'; did you mean '-Wunused-parameter'?
configure:16942: $? = 1
configure: failed program was:
| /* confdefs.h */
| #define PACKAGE_NAME "stellar-core"
| #define PACKAGE_TARNAME "stellar-core"
| #define PACKAGE_VERSION "0.1"
| #define PACKAGE_STRING "stellar-core 0.1"
| #define PACKAGE_BUGREPORT ""
| #define PACKAGE_URL "http://www.stellar.org"
| #define PACKAGE "stellar-core"
| #define VERSION "0.1"
| #define STDC_HEADERS 1
| #define HAVE_SYS_TYPES_H 1
| #define HAVE_SYS_STAT_H 1
| #define HAVE_STDLIB_H 1
| #define HAVE_STRING_H 1
| #define HAVE_MEMORY_H 1
| #define HAVE_STRINGS_H 1
| #define HAVE_INTTYPES_H 1
| #define HAVE_STDINT_H 1
| #define HAVE_UNISTD_H 1
| #define HAVE_DLFCN_H 1
| #define LT_OBJDIR ".libs/"
| #define HAVE_CXX14 1
| /* end confdefs.h.  */
| 
| int
| main ()
| {
| 
|   ;
|   return 0;
| }
configure:16951: result: no
configure:16923: checking whether C compiler accepts -Wno-unused-local-typedef
configure:16942: gcc -c -g -O2 -fno-omit-frame-pointer -Wall -Wno-unused-command-line-argument  -Wno-unused-local-typedef  conftest.c >&5
configure:16942: $? = 0
configure:16951: result: yes
configure:16964: : CFLAGS="$CFLAGS $flag"
configure:16967: $? = 0
configure:16923: checking whether C compiler accepts -Wno-unknown-warning-option
configure:16942: gcc -c -g -O2 -fno-omit-frame-pointer -Wall -Wno-unused-command-line-argument -Wno-unused-local-typedef  -Wno-unknown-warning-option  conftest.c >&5
configure:16942: $? = 0
configure:16951: result: yes
configure:16964: : CFLAGS="$CFLAGS $flag"
configure:16967: $? = 0
configure:16923: checking whether C compiler accepts -Werror=unused-result
configure:16942: gcc -c -g -O2 -fno-omit-frame-pointer -Wall -Wno-unused-command-line-argument -Wno-unused-local-typedef -Wno-unknown-warning-option  -Werror=unused-result  conftest.c >&5
configure:16942: $? = 0
configure:16951: result: yes
configure:16964: : CFLAGS="$CFLAGS $flag"
configure:16967: $? = 0
configure:16987: checking whether C compiler accepts -pthread
configure:17006: gcc -c -g -O2 -fno-omit-frame-pointer -Wall -Wno-unused-command-line-argument -Wno-unused-local-typedef -Wno-unknown-warning-option -Werror=unused-result  -pthread  conftest.c >&5
configure:17006: $? = 0
configure:17015: result: yes
configure:17028: : CFLAGS="$CFLAGS $flag"
configure:17031: $? = 0
configure:17474: checking for clang-format-5.0
configure:17504: result: no
configure:17474: checking for clang-format
configure:17504: result: no
configure:17533: checking for valgrind
configure:17563: result: no
configure:17569: checking whether to enable Valgrind on the unit tests
configure:17590: result: yes
configure:17836: checking for pkg-config
configure:17854: found /usr/bin/pkg-config
configure:17866: result: /usr/bin/pkg-config
configure:17891: checking pkg-config is at least version 0.9.0
configure:17894: result: yes
configure:17904: checking for libsodium
configure:17911: $PKG_CONFIG --exists --print-errors "libsodium >= 1.0.13"
Package libsodium was not found in the pkg-config search path.
Perhaps you should add the directory containing `libsodium.pc'
to the PKG_CONFIG_PATH environment variable
No package 'libsodium' found
configure:17914: $? = 1
configure:17928: $PKG_CONFIG --exists --print-errors "libsodium >= 1.0.13"
Package libsodium was not found in the pkg-config search path.
Perhaps you should add the directory containing `libsodium.pc'
to the PKG_CONFIG_PATH environment variable
No package 'libsodium' found
configure:17931: $? = 1
configure:17945: result: no
No package 'libsodium' found
configure:18240: checking for xdrc
configure:18291: result: $(top_builddir)/lib/xdrpp/xdrc/xdrc$(EXEEXT)
configure:18424: checking for libpq
configure:18431: $PKG_CONFIG --exists --print-errors "libpq"
configure:18434: $? = 0
configure:18448: $PKG_CONFIG --exists --print-errors "libpq"
configure:18451: $? = 0
configure:18509: result: yes
configure:18665: checking that generated files are newer than configure
configure:18671: result: done
configure:18730: creating ./config.status

## ---------------------- ##
## Running config.status. ##
## ---------------------- ##

This file was extended by stellar-core config.status 0.1, which was
generated by GNU Autoconf 2.69.  Invocation command line was

  CONFIG_FILES    = 
  CONFIG_HEADERS  = 
  CONFIG_LINKS    = 
  CONFIG_COMMANDS = 
  $ ./config.status 

on zhushaopeng-Lenovo-G490

config.status:1278: creating lib/Makefile
config.status:1278: creating src/Makefile
config.status:1278: creating Makefile
config.status:1278: creating config.h
config.status:1507: executing depfiles commands
config.status:1507: executing libtool commands
configure:21206: === configuring in lib/libsodium (/home/zhushaopeng/piscp/stellar-core/lib/libsodium)
configure:21269: running /bin/bash ./configure --disable-option-checking '--prefix=/usr/local'  '--disable-silent-rules' '--disable-shared' 'CC=gcc' 'CXX=g++ -std=c++14' 'CFLAGS=-g -O2 -fno-omit-frame-pointer -Wall -Wno-unused-command-line-argument -Wno-unused-local-typedef -Wno-unknown-warning-option -Werror=unused-result -pthread' 'CXXFLAGS=-g -O2 -fno-omit-frame-pointer -pthread -Wall -Wno-unused-command-line-argument -Wno-unused-local-typedef -Wno-unknown-warning-option -Werror=unused-result' 'LDFLAGS=' --cache-file=/dev/null --srcdir=.
configure:21206: === configuring in lib/xdrpp (/home/zhushaopeng/piscp/stellar-core/lib/xdrpp)
configure:21269: running /bin/bash ./configure --disable-option-checking '--prefix=/usr/local'  '--disable-silent-rules' '--disable-shared' 'CC=gcc' 'CXX=g++ -std=c++14' 'CFLAGS=-g -O2 -fno-omit-frame-pointer -Wall -Wno-unused-command-line-argument -Wno-unused-local-typedef -Wno-unknown-warning-option -Werror=unused-result -pthread' 'CXXFLAGS=-g -O2 -fno-omit-frame-pointer -pthread -Wall -Wno-unused-command-line-argument -Wno-unused-local-typedef -Wno-unknown-warning-option -Werror=unused-result' 'LDFLAGS=' --cache-file=/dev/null --srcdir=.

## ---------------- ##
## Cache variables. ##
## ---------------- ##

ac_cv_build=x86_64-pc-linux-gnu
ac_cv_c_compiler_gnu=yes
ac_cv_cxx_compiler_gnu=yes
ac_cv_env_CCC_set=
ac_cv_env_CCC_value=
ac_cv_env_CC_set=
ac_cv_env_CC_value=
ac_cv_env_CFLAGS_set=
ac_cv_env_CFLAGS_value=
ac_cv_env_CPPFLAGS_set=
ac_cv_env_CPPFLAGS_value=
ac_cv_env_CPP_set=
ac_cv_env_CPP_value=
ac_cv_env_CXXCPP_set=
ac_cv_env_CXXCPP_value=
ac_cv_env_CXXFLAGS_set=
ac_cv_env_CXXFLAGS_value=
ac_cv_env_CXX_set=
ac_cv_env_CXX_value=
ac_cv_env_LDFLAGS_set=
ac_cv_env_LDFLAGS_value=
ac_cv_env_LIBCXX_PATH_set=
ac_cv_env_LIBCXX_PATH_value=
ac_cv_env_LIBS_set=
ac_cv_env_LIBS_value=
ac_cv_env_LT_SYS_LIBRARY_PATH_set=
ac_cv_env_LT_SYS_LIBRARY_PATH_value=
ac_cv_env_PKG_CONFIG_LIBDIR_set=
ac_cv_env_PKG_CONFIG_LIBDIR_value=
ac_cv_env_PKG_CONFIG_PATH_set=
ac_cv_env_PKG_CONFIG_PATH_value=
ac_cv_env_PKG_CONFIG_set=
ac_cv_env_PKG_CONFIG_value=
ac_cv_env_build_alias_set=
ac_cv_env_build_alias_value=
ac_cv_env_host_alias_set=
ac_cv_env_host_alias_value=
ac_cv_env_libmedida_CFLAGS_set=
ac_cv_env_libmedida_CFLAGS_value=
ac_cv_env_libmedida_LIBS_set=
ac_cv_env_libmedida_LIBS_value=
ac_cv_env_libpq_CFLAGS_set=
ac_cv_env_libpq_CFLAGS_value=
ac_cv_env_libpq_LIBS_set=
ac_cv_env_libpq_LIBS_value=
ac_cv_env_libsodium_CFLAGS_set=
ac_cv_env_libsodium_CFLAGS_value=
ac_cv_env_libsodium_LIBS_set=
ac_cv_env_libsodium_LIBS_value=
ac_cv_env_target_alias_set=
ac_cv_env_target_alias_value=
ac_cv_env_xdrpp_CFLAGS_set=
ac_cv_env_xdrpp_CFLAGS_value=
ac_cv_env_xdrpp_LIBS_set=
ac_cv_env_xdrpp_LIBS_value=
ac_cv_header_dlfcn_h=yes
ac_cv_header_inttypes_h=yes
ac_cv_header_memory_h=yes
ac_cv_header_stdc=yes
ac_cv_header_stdint_h=yes
ac_cv_header_stdlib_h=yes
ac_cv_header_string_h=yes
ac_cv_header_strings_h=yes
ac_cv_header_sys_stat_h=yes
ac_cv_header_sys_types_h=yes
ac_cv_header_unistd_h=yes
ac_cv_host=x86_64-pc-linux-gnu
ac_cv_objext=o
ac_cv_path_EGREP='/bin/grep -E'
ac_cv_path_FGREP='/bin/grep -F'
ac_cv_path_GREP=/bin/grep
ac_cv_path_SED=/bin/sed
ac_cv_path_ac_pt_PKG_CONFIG=/usr/bin/pkg-config
ac_cv_path_install='/usr/bin/install -c'
ac_cv_path_lt_DD=/bin/dd
ac_cv_path_mkdir=/bin/mkdir
ac_cv_prog_AWK=mawk
ac_cv_prog_CPP='gcc -E'
ac_cv_prog_CXXCPP='g++ -E'
ac_cv_prog_ac_ct_AR=ar
ac_cv_prog_ac_ct_CC=gcc
ac_cv_prog_ac_ct_CXX=g++
ac_cv_prog_ac_ct_MANIFEST_TOOL=mt
ac_cv_prog_ac_ct_OBJDUMP=objdump
ac_cv_prog_ac_ct_RANLIB=ranlib
ac_cv_prog_ac_ct_STRIP=strip
ac_cv_prog_cc_c89=
ac_cv_prog_cc_g=yes
ac_cv_prog_cxx_g=yes
ac_cv_prog_make_make_set=yes
am_cv_CC_dependencies_compiler_type=gcc3
am_cv_CXX_dependencies_compiler_type=gcc3
am_cv_ar_interface=ar
am_cv_make_support_nested_variables=yes
am_cv_prog_cc_c_o=yes
am_cv_prog_tar_ustar=gnutar
ax_cv_check_cflags___Qunused_arguments=no
ax_cv_check_cflags___Wall=yes
ax_cv_check_cflags___Werror_unused_result=yes
ax_cv_check_cflags___Wno_unknown_warning_option=yes
ax_cv_check_cflags___Wno_unused_command_line_argument=yes
ax_cv_check_cflags___Wno_unused_local_typedef=yes
ax_cv_check_cflags___pthread=yes
ax_cv_check_cxxflags__=yes
ax_cv_check_cxxflags___Qunused_arguments=no
ax_cv_check_cxxflags___Wall=yes
ax_cv_check_cxxflags___Werror_unused_result=yes
ax_cv_check_cxxflags___Wno_unknown_warning_option=yes
ax_cv_check_cxxflags___Wno_unused_command_line_argument=yes
ax_cv_check_cxxflags___Wno_unused_local_typedef=yes
ax_cv_check_cxxflags___pthread=yes
ax_cv_cxx_compile_cxx14__std_cpp14=yes
lt_cv_ar_at_file=@
lt_cv_deplibs_check_method=pass_all
lt_cv_file_magic_cmd='$MAGIC_CMD'
lt_cv_file_magic_test_file=
lt_cv_ld_reload_flag=-r
lt_cv_nm_interface='BSD nm'
lt_cv_objdir=.libs
lt_cv_path_LD=/usr/bin/ld
lt_cv_path_LDCXX='/usr/bin/ld -m elf_x86_64'
lt_cv_path_NM='/usr/bin/nm -B'
lt_cv_path_mainfest_tool=no
lt_cv_prog_compiler_c_o=yes
lt_cv_prog_compiler_c_o_CXX=yes
lt_cv_prog_compiler_pic='-fPIC -DPIC'
lt_cv_prog_compiler_pic_CXX='-fPIC -DPIC'
lt_cv_prog_compiler_pic_works=yes
lt_cv_prog_compiler_pic_works_CXX=yes
lt_cv_prog_compiler_rtti_exceptions=no
lt_cv_prog_compiler_static_works=yes
lt_cv_prog_compiler_static_works_CXX=yes
lt_cv_prog_gnu_ld=yes
lt_cv_prog_gnu_ldcxx=yes
lt_cv_sharedlib_from_linklib_cmd='printf %s\n'
lt_cv_shlibpath_overrides_runpath=yes
lt_cv_sys_global_symbol_pipe='sed -n -e '\''s/^.*[	 ]\([ABCDGIRSTW][ABCDGIRSTW]*\)[	 ][	 ]*\([_A-Za-z][_A-Za-z0-9]*\)$/\1 \2 \2/p'\'' | sed '\''/ __gnu_lto/d'\'''
lt_cv_sys_global_symbol_to_c_name_address='sed -n -e '\''s/^: \(.*\) .*$/  {"\1", (void *) 0},/p'\'' -e '\''s/^[ABCDGIRSTW][ABCDGIRSTW]* .* \(.*\)$/  {"\1", (void *) \&\1},/p'\'''
lt_cv_sys_global_symbol_to_c_name_address_lib_prefix='sed -n -e '\''s/^: \(.*\) .*$/  {"\1", (void *) 0},/p'\'' -e '\''s/^[ABCDGIRSTW][ABCDGIRSTW]* .* \(lib.*\)$/  {"\1", (void *) \&\1},/p'\'' -e '\''s/^[ABCDGIRSTW][ABCDGIRSTW]* .* \(.*\)$/  {"lib\1", (void *) \&\1},/p'\'''
lt_cv_sys_global_symbol_to_cdecl='sed -n -e '\''s/^T .* \(.*\)$/extern int \1();/p'\'' -e '\''s/^[ABCDGIRSTW][ABCDGIRSTW]* .* \(.*\)$/extern char \1;/p'\'''
lt_cv_sys_global_symbol_to_import=
lt_cv_sys_max_cmd_len=1572864
lt_cv_to_host_file_cmd=func_convert_file_noop
lt_cv_to_tool_file_cmd=func_convert_file_noop
lt_cv_truncate_bin='/bin/dd bs=4096 count=1'
pkg_cv_libpq_CFLAGS=-I/usr/include/postgresql
pkg_cv_libpq_LIBS=-lpq

## ----------------- ##
## Output variables. ##
## ----------------- ##












			$(MAKE) $(AM_MAKEFLAGS) -k check-valgrind-tool VALGRIND_TOOL=$(tool); \
		$(if $(VALGRIND_HAVE_TOOL_$(tool))$(VALGRIND_HAVE_TOOL_exp_$(tool)), \
		) \
		LOG_COMPILER="$(VALGRIND_LOG_COMPILER)" \
		LOG_FLAGS="$(valgrind_$(VALGRIND_TOOL)_flags)" \
		TESTS_ENVIRONMENT="$(VALGRIND_TESTS_ENVIRONMENT)" \
		TEST_SUITE_LOG=test-suite-$(VALGRIND_TOOL).log
	$(MAKE) check-TESTS \
	$(TESTS_ENVIRONMENT) \
	$(VALGRIND) $(VALGRIND_SUPPRESSIONS) --error-exitcode=1 $(VALGRIND_FLAGS)
	)
	-$(foreach tool,$(valgrind_tools), \
	@echo "Need to reconfigure with --enable-valgrind"
	@echo "Need to reconfigure with --enable-valgrind"
	G_DEBUG=fatal-warnings,fatal-criticals,gc-friendly
	G_SLICE=always-malloc,debug-blocks \
	env VALGRIND=$(VALGRIND) \
#
#    (Default: --num-callers=30)
#    files to load. (Default: empty)
#    memcheck, helgrind, drd, sgcheck). (Default: various)
#  - VALGRIND_$toolname_FLAGS: Flags to pass to Valgrind $toolname (one of:
#  - VALGRIND_FLAGS: General flags to pass to all Valgrind tools.
#  - VALGRIND_SUPPRESSIONS_FILES: Space-separated list of Valgrind suppressions
# Internal use
# Optional variables
# Optional:
# Use recursive makes in order to ignore errors during check
# Valgrind check
# Valgrind running
'
.PHONY: check-valgrind check-valgrind-tool
ACLOCAL='${SHELL} /home/zhushaopeng/piscp/stellar-core/missing aclocal-1.15'
AFL_CLANG=''
AFL_CLANGPP=''
AFL_FUZZ=''
AFL_GCC=''
AFL_GPP=''
AMDEPBACKSLASH='\'
AMDEP_FALSE='#'
AMDEP_TRUE=''
AMTAR='$${TAR-tar}'
AM_BACKSLASH='\'
AM_DEFAULT_V='$(AM_DEFAULT_VERBOSITY)'
AM_DEFAULT_VERBOSITY='1'
AM_V='$(V)'
AR='ar'
AUTOCONF='${SHELL} /home/zhushaopeng/piscp/stellar-core/missing autoconf'
AUTOHEADER='${SHELL} /home/zhushaopeng/piscp/stellar-core/missing autoheader'
AUTOMAKE='${SHELL} /home/zhushaopeng/piscp/stellar-core/missing automake-1.15'
AWK='mawk'
BUILD_TESTS_FALSE='#'
BUILD_TESTS_TRUE=''
CC='gcc'
CCACHE=''
CCDEPMODE='depmode=gcc3'
CFLAGS='-g -O2 -fno-omit-frame-pointer -Wall -Wno-unused-command-line-argument -Wno-unused-local-typedef -Wno-unknown-warning-option -Werror=unused-result -pthread'
CLANG_FORMAT=''
CPP='gcc -E'
CPPFLAGS=''
CXX='g++ -std=c++14'
CXXCPP='g++ -E -std=c++14'
CXXDEPMODE='depmode=gcc3'
CXXFLAGS='-g -O2 -fno-omit-frame-pointer  -pthread -Wall -Wno-unused-command-line-argument -Wno-unused-local-typedef -Wno-unknown-warning-option -Werror=unused-result'
CYGPATH_W='echo'
DEFS='-DHAVE_CONFIG_H'
DEPDIR='.deps'
DISTCHECK_CONFIGURE_FLAGS += --disable-valgrind
DISTCHECK_CONFIGURE_FLAGS ?=
DLLTOOL='false'
DSYMUTIL=''
DUMPBIN=''
ECHO_C=''
ECHO_N='-n'
ECHO_T=''
EGREP='/bin/grep -E'
EXEEXT=''
FGREP='/bin/grep -F'
GREP='/bin/grep'
HAVE_CXX14='1'
INSTALL_DATA='${INSTALL} -m 644'
INSTALL_PROGRAM='${INSTALL}'
INSTALL_SCRIPT='${INSTALL}'
INSTALL_STRIP_PROGRAM='$(install_sh) -c -s'
LD='/usr/bin/ld -m elf_x86_64'
LDFLAGS=''
LIBCXX_PATH=''
LIBMEDIDA_INTERNAL_FALSE='#'
LIBMEDIDA_INTERNAL_TRUE=''
LIBOBJS=''
LIBS=''
LIBSODIUM_INTERNAL_FALSE='#'
LIBSODIUM_INTERNAL_TRUE=''
LIBTOOL='$(SHELL) $(top_builddir)/libtool'
LIBTOOL_DEPS='./ltmain.sh'
LIPO=''
LN_S='ln -s'
LTLIBOBJS=''
LT_SYS_LIBRARY_PATH=''
MAKEINFO='${SHELL} /home/zhushaopeng/piscp/stellar-core/missing makeinfo'
MANIFEST_TOOL=':'
MKDIR_P='/bin/mkdir -p'
MOSTLYCLEANFILES += $(valgrind_log_files)
MOSTLYCLEANFILES ?=
NM='/usr/bin/nm -B'
NMEDIT=''
OBJDUMP='objdump'
OBJEXT='o'
OTOOL64=''
OTOOL=''
PACKAGE='stellar-core'
PACKAGE_BUGREPORT=''
PACKAGE_NAME='stellar-core'
PACKAGE_STRING='stellar-core 0.1'
PACKAGE_TARNAME='stellar-core'
PACKAGE_URL='http://www.stellar.org'
PACKAGE_VERSION='0.1'
PATH_SEPARATOR=':'
PKGCONFIG_SUBDIRS=' $(top_builddir)/lib/libsodium $(top_builddir)/lib/xdrpp'
PKG_CONFIG='/usr/bin/pkg-config'
PKG_CONFIG_LIBDIR=''
PKG_CONFIG_PATH=''
RANLIB='ranlib'
SED='/bin/sed'
SET_MAKE=''
SHELL='/bin/bash'
STRIP='strip'
USE_AFL_FUZZ_FALSE=''
USE_AFL_FUZZ_TRUE='#'
USE_CLANG_FORMAT_FALSE=''
USE_CLANG_FORMAT_TRUE='#'
USE_POSTGRES_FALSE='#'
USE_POSTGRES_TRUE=''
VALGRIND=''
VALGRIND_CHECK_RULES='
VALGRIND_ENABLED='yes'
VALGRIND_ENABLED_FALSE='#'
VALGRIND_ENABLED_TRUE=''
VALGRIND_FLAGS ?= --num-callers=30
VALGRIND_HAVE_TOOL_drd=''
VALGRIND_HAVE_TOOL_exp_sgcheck=''
VALGRIND_HAVE_TOOL_helgrind=''
VALGRIND_HAVE_TOOL_memcheck=''
VALGRIND_LOG_COMPILER = \
VALGRIND_SUPPRESSIONS ?= $(addprefix --suppressions=,$(VALGRIND_SUPPRESSIONS_FILES))
VALGRIND_TESTS_ENVIRONMENT = \
VALGRIND_drd_FLAGS ?=
VALGRIND_helgrind_FLAGS ?= --history-level=approx
VALGRIND_memcheck_FLAGS ?= --leak-check=full --show-reachable=no
VALGRIND_sgcheck_FLAGS ?=
VERSION='0.1'
XDRC='$(top_builddir)/lib/xdrpp/xdrc/xdrc$(EXEEXT)'
XDRPP_INTERNAL_FALSE='#'
XDRPP_INTERNAL_TRUE=''
ac_ct_AR='ar'
ac_ct_CC='gcc'
ac_ct_CXX='g++'
ac_ct_DUMPBIN=''
am__EXEEXT_FALSE=''
am__EXEEXT_TRUE='#'
am__fastdepCC_FALSE='#'
am__fastdepCC_TRUE=''
am__fastdepCXX_FALSE='#'
am__fastdepCXX_TRUE=''
am__include='include'
am__isrc=''
am__leading_dot='.'
am__nodep='_no'
am__quote=''
am__tar='tar --format=ustar -chf - "$$tardir"'
am__untar='tar -xf -'
bindir='${exec_prefix}/bin'
build='x86_64-pc-linux-gnu'
build_alias=''
build_cpu='x86_64'
build_os='linux-gnu'
build_vendor='pc'
check-valgrind-tool:
check-valgrind:
datadir='${datarootdir}'
datarootdir='${prefix}/share'
docdir='${datarootdir}/doc/${PACKAGE_TARNAME}'
dvidir='${docdir}'
else
else
endif
endif
exec_prefix='${prefix}'
host='x86_64-pc-linux-gnu'
host_alias=''
host_cpu='x86_64'
host_os='linux-gnu'
host_vendor='pc'
htmldir='${docdir}'
ifeq ($(VALGRIND_ENABLED),yes)
ifeq ($(VALGRIND_ENABLED),yes)
includedir='${prefix}/include'
infodir='${datarootdir}/info'
install_sh='${SHELL} /home/zhushaopeng/piscp/stellar-core/install-sh'
libasio_CFLAGS='-DASIO_SEPARATE_COMPILATION=1 -DASIO_STANDALONE -isystem $(top_srcdir)/lib/asio/asio/include'
libdir='${exec_prefix}/lib'
libexecdir='${exec_prefix}/libexec'
libmedida_CFLAGS='-isystem $(top_srcdir)/lib/libmedida/src'
libmedida_LIBS='$(top_builddir)/lib/libmedida.a'
libpq_CFLAGS='-I/usr/include/postgresql'
libpq_LIBS='-lpq'
libsodium_CFLAGS='-isystem $(abs_top_builddir)/lib/libsodium/src/libsodium/include -isystem $(top_srcdir)/lib/libsodium/src/libsodium/include -isystem $(top_srcdir)/lib/libsodium/src/libsodium/include/sodium'
libsodium_LIBS='$(top_builddir)/lib/libsodium/src/libsodium/libsodium.la'
localedir='${datarootdir}/locale'
localstatedir='${prefix}/var'
mandir='${datarootdir}/man'
mkdir_p='$(MKDIR_P)'
oldincludedir='/usr/include'
pdfdir='${docdir}'
prefix='/usr/local'
program_transform_name='s,x,x,'
psdir='${docdir}'
runstatedir='${localstatedir}/run'
sbindir='${exec_prefix}/sbin'
sharedstatedir='${prefix}/com'
soci_CFLAGS='-isystem $(top_srcdir)/lib/soci/src/core'
soci_LIBS='$(top_builddir)/lib/libsoci.a'
sqlite3_CFLAGS='-isystem $(top_srcdir)/lib/sqlite -DSQLITE_CORE -DSQLITE_OMIT_LOAD_EXTENSION=1'
sqlite3_LIBS=''
subdirs=' lib/libsodium lib/xdrpp'
sysconfdir='${prefix}/etc'
target_alias=''
valgrind_drd_flags = --tool=drd $(VALGRIND_drd_FLAGS)
valgrind_helgrind_flags = --tool=helgrind $(VALGRIND_helgrind_FLAGS)
valgrind_log_files = $(addprefix test-suite-,$(addsuffix .log,$(valgrind_tools)))
valgrind_memcheck_flags = --tool=memcheck $(VALGRIND_memcheck_FLAGS)
valgrind_quiet = $(valgrind_quiet_$(V))
valgrind_quiet_ = $(valgrind_quiet_$(AM_DEFAULT_VERBOSITY))
valgrind_quiet_0 = --quiet
valgrind_sgcheck_flags = --tool=exp-sgcheck $(VALGRIND_sgcheck_FLAGS)
valgrind_tools = memcheck helgrind drd sgcheck
xdrpp_CFLAGS='-isystem $(abs_top_srcdir)/lib/xdrpp -isystem $(abs_top_builddir)/lib/xdrpp'
xdrpp_LIBS='$(abs_top_builddir)/lib/xdrpp/xdrpp/libxdrpp.a'

## ----------- ##
## confdefs.h. ##
## ----------- ##

/* confdefs.h */
#define PACKAGE_NAME "stellar-core"
#define PACKAGE_TARNAME "stellar-core"
#define PACKAGE_VERSION "0.1"
#define PACKAGE_STRING "stellar-core 0.1"
#define PACKAGE_BUGREPORT ""
#define PACKAGE_URL "http://www.stellar.org"
#define PACKAGE "stellar-core"
#define VERSION "0.1"
#define STDC_HEADERS 1
#define HAVE_SYS_TYPES_H 1
#define HAVE_SYS_STAT_H 1
#define HAVE_STDLIB_H 1
#define HAVE_STRING_H 1
#define HAVE_MEMORY_H 1
#define HAVE_STRINGS_H 1
#define HAVE_INTTYPES_H 1
#define HAVE_STDINT_H 1
#define HAVE_UNISTD_H 1
#define HAVE_DLFCN_H 1
#define LT_OBJDIR ".libs/"
#define HAVE_CXX14 1

configure: exit 0
